app/build/intermediates/manifest_merge_blame_file/debug/processDebugMainManifest/manifest-merger-blame-debug-report.txt
1<?xml version="1.0" encoding="utf-8"?>
2<manifest xmlns:android="http://schemas.android.com/apk/res/android"
3    package="com.docscanner.app"
4    android:versionCode="1"
5    android:versionName="1.0.0" >
6
7    <uses-sdk
7-->INJECTED
8        android:minSdkVersion="24"
8-->INJECTED
9        android:targetSdkVersion="34" />
9-->INJECTED
10
11    <uses-permission android:name="android.permission.CAMERA" />
11-->src\main\AndroidManifest.xml:5:5-65
11-->src\main\AndroidManifest.xml:5:22-62
12    <uses-permission android:name="android.permission.READ_MEDIA_IMAGES" />
12-->src\main\AndroidManifest.xml:7:5-76
12-->src\main\AndroidManifest.xml:7:22-73
13    <uses-permission
13-->src\main\AndroidManifest.xml:8:5-107
14        android:name="android.permission.READ_EXTERNAL_STORAGE"
14-->src\main\AndroidManifest.xml:8:22-77
15        android:maxSdkVersion="32" />
15-->src\main\AndroidManifest.xml:8:78-104
16    <uses-permission
16-->src\main\AndroidManifest.xml:9:5-108
17        android:name="android.permission.WRITE_EXTERNAL_STORAGE"
17-->src\main\AndroidManifest.xml:9:22-78
18        android:maxSdkVersion="28" />
18-->src\main\AndroidManifest.xml:9:79-105
19    <uses-permission android:name="android.permission.USE_BIOMETRIC" />
19-->src\main\AndroidManifest.xml:11:5-72
19-->src\main\AndroidManifest.xml:11:22-69
20    <uses-permission android:name="android.permission.POST_NOTIFICATIONS" />
20-->src\main\AndroidManifest.xml:12:5-77
20-->src\main\AndroidManifest.xml:12:22-74
21
22    <!-- suppress DeprecatedClassUsageInspection -->
23    <uses-permission android:name="android.permission.USE_FINGERPRINT" />
23-->[androidx.biometric:biometric:1.1.0] AndroidManifest.xml:27:5-74
23-->[androidx.biometric:biometric:1.1.0] AndroidManifest.xml:27:22-71
24
25    <permission
25-->[androidx.core:core:1.16.0] AndroidManifest.xml:22:5-24:47
26        android:name="com.docscanner.app.DYNAMIC_RECEIVER_NOT_EXPORTED_PERMISSION"
26-->[androidx.core:core:1.16.0] AndroidManifest.xml:23:9-81
27        android:protectionLevel="signature" />
27-->[androidx.core:core:1.16.0] AndroidManifest.xml:24:9-44
28
29    <uses-permission android:name="com.docscanner.app.DYNAMIC_RECEIVER_NOT_EXPORTED_PERMISSION" /> <!-- Although the *SdkVersion is captured in gradle build files, this is required for non gradle builds -->
29-->[androidx.core:core:1.16.0] AndroidManifest.xml:26:5-97
29-->[androidx.core:core:1.16.0] AndroidManifest.xml:26:22-94
30    <!-- <uses-sdk android:minSdkVersion="14"/> -->
31    <uses-permission android:name="android.permission.ACCESS_NETWORK_STATE" />
31-->[com.google.android.datatransport:transport-backend-cct:2.3.3] AndroidManifest.xml:25:5-79
31-->[com.google.android.datatransport:transport-backend-cct:2.3.3] AndroidManifest.xml:25:22-76
32    <uses-permission android:name="android.permission.INTERNET" />
32-->[com.google.android.datatransport:transport-backend-cct:2.3.3] AndroidManifest.xml:26:5-67
32-->[com.google.android.datatransport:transport-backend-cct:2.3.3] AndroidManifest.xml:26:22-64
33
34    <application
34-->src\main\AndroidManifest.xml:14:5-49:19
35        android:name="com.docscanner.app.DocScannerApp"
35-->src\main\AndroidManifest.xml:15:9-38
36        android:allowBackup="true"
36-->src\main\AndroidManifest.xml:16:9-35
37        android:appComponentFactory="androidx.core.app.CoreComponentFactory"
37-->[androidx.core:core:1.16.0] AndroidManifest.xml:28:18-86
38        android:debuggable="true"
39        android:extractNativeLibs="false"
39-->INJECTED
40        android:icon="@drawable/app_logo"
40-->src\main\AndroidManifest.xml:17:9-42
41        android:label="@string/app_name"
41-->src\main\AndroidManifest.xml:18:9-41
42        android:roundIcon="@drawable/app_logo"
42-->src\main\AndroidManifest.xml:19:9-47
43        android:supportsRtl="true"
43-->src\main\AndroidManifest.xml:20:9-35
44        android:theme="@style/Theme.DocScanner" >
44-->src\main\AndroidManifest.xml:21:9-48
45        <activity
45-->src\main\AndroidManifest.xml:24:9-33:20
46            android:name="com.docscanner.app.MainActivity"
46-->src\main\AndroidManifest.xml:25:13-41
47            android:exported="true"
47-->src\main\AndroidManifest.xml:26:13-36
48            android:launchMode="singleTop"
48-->src\main\AndroidManifest.xml:27:13-43
49            android:theme="@style/Theme.DocScanner" >
49-->src\main\AndroidManifest.xml:28:13-52
50            <intent-filter>
50-->src\main\AndroidManifest.xml:29:13-32:29
51                <action android:name="android.intent.action.MAIN" />
51-->src\main\AndroidManifest.xml:30:17-69
51-->src\main\AndroidManifest.xml:30:25-66
52
53                <category android:name="android.intent.category.LAUNCHER" />
53-->src\main\AndroidManifest.xml:31:17-77
53-->src\main\AndroidManifest.xml:31:27-74
54            </intent-filter>
55        </activity>
56
57        <meta-data
57-->src\main\AndroidManifest.xml:35:9-37:35
58            android:name="com.google.mlkit.vision.DEPENDENCIES"
58-->src\main\AndroidManifest.xml:36:13-64
59            android:value="ocr" />
59-->src\main\AndroidManifest.xml:37:13-32
60
61        <provider
61-->INJECTED
62            android:name="androidx.core.content.FileProvider"
62-->src\main\AndroidManifest.xml:40:13-62
63            android:authorities="com.docscanner.app.fileprovider"
63-->INJECTED
64            android:exported="false"
64-->src\main\AndroidManifest.xml:42:13-37
65            android:grantUriPermissions="true" >
65-->src\main\AndroidManifest.xml:43:13-47
66            <meta-data
66-->src\main\AndroidManifest.xml:44:13-46:54
67                android:name="android.support.FILE_PROVIDER_PATHS"
67-->src\main\AndroidManifest.xml:45:17-67
68                android:resource="@xml/file_paths" />
68-->src\main\AndroidManifest.xml:46:17-51
69        </provider>
70
71        <!--
72        This activity is an invisible delegate activity to start scanner activity
73        and receive result, so it's unnecessary to support screen orientation and
74        we can avoid any side effect from activity recreation in any case.
75        -->
76        <activity
76-->[com.google.android.gms:play-services-mlkit-document-scanner:16.0.0] AndroidManifest.xml:15:9-21:20
77            android:name="com.google.mlkit.vision.documentscanner.internal.GmsDocumentScanningDelegateActivity"
77-->[com.google.android.gms:play-services-mlkit-document-scanner:16.0.0] AndroidManifest.xml:16:13-112
78            android:exported="false"
78-->[com.google.android.gms:play-services-mlkit-document-scanner:16.0.0] AndroidManifest.xml:17:13-37
79            android:screenOrientation="portrait"
79-->[com.google.android.gms:play-services-mlkit-document-scanner:16.0.0] AndroidManifest.xml:18:13-49
80            android:theme="@android:style/Theme.Black.NoTitleBar.Fullscreen" >
80-->[com.google.android.gms:play-services-mlkit-document-scanner:16.0.0] AndroidManifest.xml:19:13-77
81        </activity>
82        <activity
82-->[androidx.compose.ui:ui-tooling-android:1.12.0] AndroidManifest.xml:23:9-25:39
83            android:name="androidx.compose.ui.tooling.PreviewActivity"
83-->[androidx.compose.ui:ui-tooling-android:1.12.0] AndroidManifest.xml:24:13-71
84            android:exported="true" />
84-->[androidx.compose.ui:ui-tooling-android:1.12.0] AndroidManifest.xml:25:13-36
85
86        <service
86-->[com.google.android.gms:play-services-mlkit-text-recognition-common:19.1.0] AndroidManifest.xml:9:9-15:19
87            android:name="com.google.mlkit.common.internal.MlKitComponentDiscoveryService"
87-->[com.google.android.gms:play-services-mlkit-text-recognition-common:19.1.0] AndroidManifest.xml:10:13-91
88            android:directBootAware="true"
88-->[com.google.mlkit:common:18.11.0] AndroidManifest.xml:17:13-43
89            android:exported="false" >
89-->[com.google.android.gms:play-services-mlkit-text-recognition-common:19.1.0] AndroidManifest.xml:11:13-37
90            <meta-data
90-->[com.google.android.gms:play-services-mlkit-text-recognition-common:19.1.0] AndroidManifest.xml:12:13-14:85
91                android:name="com.google.firebase.components:com.google.mlkit.vision.text.internal.TextRegistrar"
91-->[com.google.android.gms:play-services-mlkit-text-recognition-common:19.1.0] AndroidManifest.xml:13:17-114
92                android:value="com.google.firebase.components.ComponentRegistrar" />
92-->[com.google.android.gms:play-services-mlkit-text-recognition-common:19.1.0] AndroidManifest.xml:14:17-82
93            <meta-data
93-->[com.google.mlkit:vision-common:17.3.0] AndroidManifest.xml:12:13-14:85
94                android:name="com.google.firebase.components:com.google.mlkit.vision.common.internal.VisionCommonRegistrar"
94-->[com.google.mlkit:vision-common:17.3.0] AndroidManifest.xml:13:17-124
95                android:value="com.google.firebase.components.ComponentRegistrar" />
95-->[com.google.mlkit:vision-common:17.3.0] AndroidManifest.xml:14:17-82
96            <meta-data
96-->[com.google.mlkit:common:18.11.0] AndroidManifest.xml:20:13-22:85
97                android:name="com.google.firebase.components:com.google.mlkit.common.internal.CommonComponentRegistrar"
97-->[com.google.mlkit:common:18.11.0] AndroidManifest.xml:21:17-120
98                android:value="com.google.firebase.components.ComponentRegistrar" />
98-->[com.google.mlkit:common:18.11.0] AndroidManifest.xml:22:17-82
99        </service>
100
101        <provider
101-->[com.google.mlkit:common:18.11.0] AndroidManifest.xml:9:9-13:38
102            android:name="com.google.mlkit.common.internal.MlKitInitProvider"
102-->[com.google.mlkit:common:18.11.0] AndroidManifest.xml:10:13-78
103            android:authorities="com.docscanner.app.mlkitinitprovider"
103-->[com.google.mlkit:common:18.11.0] AndroidManifest.xml:11:13-69
104            android:exported="false"
104-->[com.google.mlkit:common:18.11.0] AndroidManifest.xml:12:13-37
105            android:initOrder="99" />
105-->[com.google.mlkit:common:18.11.0] AndroidManifest.xml:13:13-35
106        <provider
106-->[androidx.emoji2:emoji2:1.4.0] AndroidManifest.xml:24:9-32:20
107            android:name="androidx.startup.InitializationProvider"
107-->[androidx.emoji2:emoji2:1.4.0] AndroidManifest.xml:25:13-67
108            android:authorities="com.docscanner.app.androidx-startup"
108-->[androidx.emoji2:emoji2:1.4.0] AndroidManifest.xml:26:13-68
109            android:exported="false" >
109-->[androidx.emoji2:emoji2:1.4.0] AndroidManifest.xml:27:13-37
110            <meta-data
110-->[androidx.emoji2:emoji2:1.4.0] AndroidManifest.xml:29:13-31:52
111                android:name="androidx.emoji2.text.EmojiCompatInitializer"
111-->[androidx.emoji2:emoji2:1.4.0] AndroidManifest.xml:30:17-75
112                android:value="androidx.startup" />
112-->[androidx.emoji2:emoji2:1.4.0] AndroidManifest.xml:31:17-49
113            <meta-data
113-->[androidx.lifecycle:lifecycle-process:2.11.0] AndroidManifest.xml:29:13-31:52
114                android:name="androidx.lifecycle.ProcessLifecycleInitializer"
114-->[androidx.lifecycle:lifecycle-process:2.11.0] AndroidManifest.xml:30:17-78
115                android:value="androidx.startup" />
115-->[androidx.lifecycle:lifecycle-process:2.11.0] AndroidManifest.xml:31:17-49
116            <meta-data
116-->[androidx.profileinstaller:profileinstaller:1.4.1] AndroidManifest.xml:29:13-31:52
117                android:name="androidx.profileinstaller.ProfileInstallerInitializer"
117-->[androidx.profileinstaller:profileinstaller:1.4.1] AndroidManifest.xml:30:17-85
118                android:value="androidx.startup" />
118-->[androidx.profileinstaller:profileinstaller:1.4.1] AndroidManifest.xml:31:17-49
119        </provider>
120
121        <activity
121-->[com.google.android.gms:play-services-base:18.5.0] AndroidManifest.xml:5:9-173
122            android:name="com.google.android.gms.common.api.GoogleApiActivity"
122-->[com.google.android.gms:play-services-base:18.5.0] AndroidManifest.xml:5:19-85
123            android:exported="false"
123-->[com.google.android.gms:play-services-base:18.5.0] AndroidManifest.xml:5:146-170
124            android:theme="@android:style/Theme.Translucent.NoTitleBar" />
124-->[com.google.android.gms:play-services-base:18.5.0] AndroidManifest.xml:5:86-145
125
126        <meta-data
126-->[com.google.android.gms:play-services-basement:18.4.0] AndroidManifest.xml:6:9-122
127            android:name="com.google.android.gms.version"
127-->[com.google.android.gms:play-services-basement:18.4.0] AndroidManifest.xml:6:20-65
128            android:value="@integer/google_play_services_version" />
128-->[com.google.android.gms:play-services-basement:18.4.0] AndroidManifest.xml:6:66-119
129
130        <uses-library
130-->[androidx.window:window:1.5.0] AndroidManifest.xml:23:9-25:40
131            android:name="androidx.window.extensions"
131-->[androidx.window:window:1.5.0] AndroidManifest.xml:24:13-54
132            android:required="false" />
132-->[androidx.window:window:1.5.0] AndroidManifest.xml:25:13-37
133        <uses-library
133-->[androidx.window:window:1.5.0] AndroidManifest.xml:26:9-28:40
134            android:name="androidx.window.sidecar"
134-->[androidx.window:window:1.5.0] AndroidManifest.xml:27:13-51
135            android:required="false" />
135-->[androidx.window:window:1.5.0] AndroidManifest.xml:28:13-37
136
137        <activity
137-->[androidx.compose.ui:ui-test-manifest:1.12.0] AndroidManifest.xml:23:9-26:79
138            android:name="androidx.activity.ComponentActivity"
138-->[androidx.compose.ui:ui-test-manifest:1.12.0] AndroidManifest.xml:24:13-63
139            android:exported="true"
139-->[androidx.compose.ui:ui-test-manifest:1.12.0] AndroidManifest.xml:25:13-36
140            android:theme="@android:style/Theme.Material.Light.NoActionBar" />
140-->[androidx.compose.ui:ui-test-manifest:1.12.0] AndroidManifest.xml:26:13-76
141
142        <service
142-->[androidx.room:room-runtime-android:2.7.2] AndroidManifest.xml:24:9-28:63
143            android:name="androidx.room.MultiInstanceInvalidationService"
143-->[androidx.room:room-runtime-android:2.7.2] AndroidManifest.xml:25:13-74
144            android:directBootAware="true"
144-->[androidx.room:room-runtime-android:2.7.2] AndroidManifest.xml:26:13-43
145            android:exported="false" />
145-->[androidx.room:room-runtime-android:2.7.2] AndroidManifest.xml:27:13-37
146        <service
146-->[com.google.android.datatransport:transport-backend-cct:2.3.3] AndroidManifest.xml:29:9-35:19
147            android:name="com.google.android.datatransport.runtime.backends.TransportBackendDiscovery"
147-->[com.google.android.datatransport:transport-backend-cct:2.3.3] AndroidManifest.xml:30:13-103
148            android:exported="false" >
148-->[com.google.android.datatransport:transport-backend-cct:2.3.3] AndroidManifest.xml:31:13-37
149            <meta-data
149-->[com.google.android.datatransport:transport-backend-cct:2.3.3] AndroidManifest.xml:32:13-34:39
150                android:name="backend:com.google.android.datatransport.cct.CctBackendFactory"
150-->[com.google.android.datatransport:transport-backend-cct:2.3.3] AndroidManifest.xml:33:17-94
151                android:value="cct" />
151-->[com.google.android.datatransport:transport-backend-cct:2.3.3] AndroidManifest.xml:34:17-36
152        </service>
153        <service
153-->[com.google.android.datatransport:transport-runtime:2.2.6] AndroidManifest.xml:26:9-30:19
154            android:name="com.google.android.datatransport.runtime.scheduling.jobscheduling.JobInfoSchedulerService"
154-->[com.google.android.datatransport:transport-runtime:2.2.6] AndroidManifest.xml:27:13-117
155            android:exported="false"
155-->[com.google.android.datatransport:transport-runtime:2.2.6] AndroidManifest.xml:28:13-37
156            android:permission="android.permission.BIND_JOB_SERVICE" >
156-->[com.google.android.datatransport:transport-runtime:2.2.6] AndroidManifest.xml:29:13-69
157        </service>
158
159        <receiver
159-->[com.google.android.datatransport:transport-runtime:2.2.6] AndroidManifest.xml:32:9-34:40
160            android:name="com.google.android.datatransport.runtime.scheduling.jobscheduling.AlarmManagerSchedulerBroadcastReceiver"
160-->[com.google.android.datatransport:transport-runtime:2.2.6] AndroidManifest.xml:33:13-132
161            android:exported="false" />
161-->[com.google.android.datatransport:transport-runtime:2.2.6] AndroidManifest.xml:34:13-37
162        <receiver
162-->[androidx.profileinstaller:profileinstaller:1.4.1] AndroidManifest.xml:34:9-52:20
163            android:name="androidx.profileinstaller.ProfileInstallReceiver"
163-->[androidx.profileinstaller:profileinstaller:1.4.1] AndroidManifest.xml:35:13-76
164            android:directBootAware="false"
164-->[androidx.profileinstaller:profileinstaller:1.4.1] AndroidManifest.xml:36:13-44
165            android:enabled="true"
165-->[androidx.profileinstaller:profileinstaller:1.4.1] AndroidManifest.xml:37:13-35
166            android:exported="true"
166-->[androidx.profileinstaller:profileinstaller:1.4.1] AndroidManifest.xml:38:13-36
167            android:permission="android.permission.DUMP" >
167-->[androidx.profileinstaller:profileinstaller:1.4.1] AndroidManifest.xml:39:13-57
168            <intent-filter>
168-->[androidx.profileinstaller:profileinstaller:1.4.1] AndroidManifest.xml:40:13-42:29
169                <action android:name="androidx.profileinstaller.action.INSTALL_PROFILE" />
169-->[androidx.profileinstaller:profileinstaller:1.4.1] AndroidManifest.xml:41:17-91
169-->[androidx.profileinstaller:profileinstaller:1.4.1] AndroidManifest.xml:41:25-88
170            </intent-filter>
171            <intent-filter>
171-->[androidx.profileinstaller:profileinstaller:1.4.1] AndroidManifest.xml:43:13-45:29
172                <action android:name="androidx.profileinstaller.action.SKIP_FILE" />
172-->[androidx.profileinstaller:profileinstaller:1.4.1] AndroidManifest.xml:44:17-85
172-->[androidx.profileinstaller:profileinstaller:1.4.1] AndroidManifest.xml:44:25-82
173            </intent-filter>
174            <intent-filter>
174-->[androidx.profileinstaller:profileinstaller:1.4.1] AndroidManifest.xml:46:13-48:29
175                <action android:name="androidx.profileinstaller.action.SAVE_PROFILE" />
175-->[androidx.profileinstaller:profileinstaller:1.4.1] AndroidManifest.xml:47:17-88
175-->[androidx.profileinstaller:profileinstaller:1.4.1] AndroidManifest.xml:47:25-85
176            </intent-filter>
177            <intent-filter>
177-->[androidx.profileinstaller:profileinstaller:1.4.1] AndroidManifest.xml:49:13-51:29
178                <action android:name="androidx.profileinstaller.action.BENCHMARK_OPERATION" />
178-->[androidx.profileinstaller:profileinstaller:1.4.1] AndroidManifest.xml:50:17-95
178-->[androidx.profileinstaller:profileinstaller:1.4.1] AndroidManifest.xml:50:25-92
179            </intent-filter>
180        </receiver>
181    </application>
182
183</manifest>